# JRE version: Java(TM) SE Runtime Environment (21.0.11+9) (build 21.0.11+9-LTS-211)
# Java VM: Java HotSpot(TM) 64-Bit Server VM (21.0.11+9-LTS-211, mixed mode, emulated-client, sharing, tiered, compressed oops, compressed class ptrs, g1 gc, windows-amd64)
GC Precious Log:
 CardTable entry size: 512
 Card Set container configuration: InlinePtr #cards 5 size 8 Array Of Cards #cards 12 size 40 Howl #buckets 4 coarsen threshold 1843 Howl Bitmap #cards 512 size 80 coarsen threshold 460 Card regions per heap region 1 cards per card region 2048
 CPUs: 4 total, 4 available
 Memory: 8101M
 Large Page Support: Disabled
 NUMA Support: Disabled
 Compressed Oops: Enabled (32-bit)
 Heap Region Size: 1M
 Heap Min Capacity: 8M
 Heap Initial Capacity: 128M
 Heap Max Capacity: 2026M
 Pre-touch: Disabled
 Parallel Workers: 4
 Concurrent Workers: 1
 Concurrent Refinement Workers: 4
 Periodic GC: Disabled
Heap:
 garbage-first heap   total 76800K, used 47762K [0x0000000081600000, 0x0000000100000000)
  region size 1024K, 12 young (12288K), 4 survivors (4096K)
 Metaspace       used 70774K, committed 71488K, reserved 1114112K
  class space    used 9853K, committed 10176K, reserved 1048576K
GC Heap History (20 events):
Event: 18.867 GC heap before
{Heap before GC invocations=13 (full 0):
 garbage-first heap   total 68608K, used 59210K [0x0000000081600000, 0x0000000100000000)
  region size 1024K, 34 young (34816K), 4 survivors (4096K)
 Metaspace       used 45566K, committed 46272K, reserved 1114112K
  class space    used 6223K, committed 6528K, reserved 1048576K
}
Event: 18.888 GC heap after
{Heap after GC invocations=14 (full 0):
 garbage-first heap   total 68608K, used 30720K [0x0000000081600000, 0x0000000100000000)
  region size 1024K, 5 young (5120K), 5 survivors (5120K)
 Metaspace       used 45566K, committed 46272K, reserved 1114112K
  class space    used 6223K, committed 6528K, reserved 1048576K
}
Event: 20.842 GC heap before
{Heap before GC invocations=14 (full 0):
 garbage-first heap   total 68608K, used 59392K [0x0000000081600000, 0x0000000100000000)
  region size 1024K, 33 young (33792K), 5 survivors (5120K)
 Metaspace       used 49820K, committed 50560K, reserved 1114112K
  class space    used 6779K, committed 7104K, reserved 1048576K
}
Event: 20.865 GC heap after
{Heap after GC invocations=15 (full 0):
 garbage-first heap   total 68608K, used 33115K [0x0000000081600000, 0x0000000100000000)
  region size 1024K, 5 young (5120K), 5 survivors (5120K)
 Metaspace       used 49820K, committed 50560K, reserved 1114112K
  class space    used 6779K, committed 7104K, reserved 1048576K
}
Event: 23.347 GC heap before
{Heap before GC invocations=15 (full 0):
 garbage-first heap   total 68608K, used 58715K [0x0000000081600000, 0x0000000100000000)
  region size 1024K, 30 young (30720K), 5 survivors (5120K)
 Metaspace       used 51977K, committed 52736K, reserved 1114112K
  class space    used 7144K, committed 7488K, reserved 1048576K
}
Event: 23.372 GC heap after
{Heap after GC invocations=16 (full 0):
 garbage-first heap   total 68608K, used 35692K [0x0000000081600000, 0x0000000100000000)
  region size 1024K, 3 young (3072K), 3 survivors (3072K)
 Metaspace       used 51977K, committed 52736K, reserved 1114112K
  class space    used 7144K, committed 7488K, reserved 1048576K
}
Event: 26.296 GC heap before
{Heap before GC invocations=16 (full 0):
 garbage-first heap   total 68608K, used 61292K [0x0000000081600000, 0x0000000100000000)
  region size 1024K, 28 young (28672K), 3 survivors (3072K)
 Metaspace       used 55165K, committed 56000K, reserved 1114112K
  class space    used 7652K, committed 8064K, reserved 1048576K
}
Event: 26.321 GC heap after
{Heap after GC invocations=17 (full 0):
 garbage-first heap   total 68608K, used 38181K [0x0000000081600000, 0x0000000100000000)
  region size 1024K, 3 young (3072K), 3 survivors (3072K)
 Metaspace       used 55165K, committed 56000K, reserved 1114112K
  class space    used 7652K, committed 8064K, reserved 1048576K
}
Event: 28.456 GC heap before
{Heap before GC invocations=18 (full 0):
 garbage-first heap   total 68608K, used 59685K [0x0000000081600000, 0x0000000100000000)
  region size 1024K, 25 young (25600K), 3 survivors (3072K)
 Metaspace       used 59065K, committed 59904K, reserved 1114112K
  class space    used 8190K, committed 8576K, reserved 1048576K
}
Event: 28.473 GC heap after
{Heap after GC invocations=19 (full 0):
 garbage-first heap   total 68608K, used 40680K [0x0000000081600000, 0x0000000100000000)
  region size 1024K, 3 young (3072K), 3 survivors (3072K)
 Metaspace       used 59065K, committed 59904K, reserved 1114112K
  class space    used 8190K, committed 8576K, reserved 1048576K
}
Event: 119.325 GC heap before
{Heap before GC invocations=19 (full 0):
 garbage-first heap   total 68608K, used 60136K [0x0000000081600000, 0x0000000100000000)
  region size 1024K, 23 young (23552K), 3 survivors (3072K)
 Metaspace       used 61800K, committed 62656K, reserved 1114112K
  class space    used 8578K, committed 8960K, reserved 1048576K
}
Event: 119.345 GC heap after
{Heap after GC invocations=20 (full 0):
 garbage-first heap   total 68608K, used 41222K [0x0000000081600000, 0x0000000100000000)
  region size 1024K, 2 young (2048K), 2 survivors (2048K)
 Metaspace       used 61800K, committed 62656K, reserved 1114112K
  class space    used 8578K, committed 8960K, reserved 1048576K
}
Event: 2129.981 GC heap before
{Heap before GC invocations=20 (full 0):
 garbage-first heap   total 68608K, used 60678K [0x0000000081600000, 0x0000000100000000)
  region size 1024K, 22 young (22528K), 2 survivors (2048K)
 Metaspace       used 63539K, committed 64512K, reserved 1114112K
  class space    used 8819K, committed 9280K, reserved 1048576K
}
Event: 2130.076 GC heap after
{Heap after GC invocations=21 (full 0):
 garbage-first heap   total 68608K, used 41990K [0x0000000081600000, 0x0000000100000000)
  region size 1024K, 3 young (3072K), 3 survivors (3072K)
 Metaspace       used 63539K, committed 64512K, reserved 1114112K
  class space    used 8819K, committed 9280K, reserved 1048576K
}
Event: 2133.265 GC heap before
{Heap before GC invocations=22 (full 0):
 garbage-first heap   total 75776K, used 57350K [0x0000000081600000, 0x0000000100000000)
  region size 1024K, 20 young (20480K), 3 survivors (3072K)
 Metaspace       used 65981K, committed 66688K, reserved 1114112K
  class space    used 9162K, committed 9472K, reserved 1048576K
}
Event: 2133.280 GC heap after
{Heap after GC invocations=23 (full 0):
 garbage-first heap   total 75776K, used 42677K [0x0000000081600000, 0x0000000100000000)
  region size 1024K, 3 young (3072K), 3 survivors (3072K)
 Metaspace       used 65981K, committed 66688K, reserved 1114112K
  class space    used 9162K, committed 9472K, reserved 1048576K
}
Event: 2197.677 GC heap before
{Heap before GC invocations=23 (full 0):
 garbage-first heap   total 75776K, used 66229K [0x0000000081600000, 0x0000000100000000)
  region size 1024K, 27 young (27648K), 3 survivors (3072K)
 Metaspace       used 69782K, committed 70464K, reserved 1114112K
  class space    used 9669K, committed 9984K, reserved 1048576K
}
Event: 2197.706 GC heap after
{Heap after GC invocations=24 (full 0):
 garbage-first heap   total 76800K, used 40057K [0x0000000081600000, 0x0000000100000000)
  region size 1024K, 4 young (4096K), 4 survivors (4096K)
 Metaspace       used 69782K, committed 70464K, reserved 1114112K
  class space    used 9669K, committed 9984K, reserved 1048576K
}
Event: 5374.346 GC heap before
{Heap before GC invocations=24 (full 0):
 garbage-first heap   total 76800K, used 65657K [0x0000000081600000, 0x0000000100000000)
  region size 1024K, 30 young (30720K), 4 survivors (4096K)
 Metaspace       used 70772K, committed 71488K, reserved 1114112K
  class space    used 9852K, committed 10176K, reserved 1048576K
}
Event: 5374.495 GC heap after
{Heap after GC invocations=25 (full 0):
 garbage-first heap   total 76800K, used 40594K [0x0000000081600000, 0x0000000100000000)
  region size 1024K, 4 young (4096K), 4 survivors (4096K)
 Metaspace       used 70772K, committed 71488K, reserved 1114112K
  class space    used 9852K, committed 10176K, reserved 1048576K
}

